# JRE version: OpenJDK Runtime Environment Temurin-21.0.10+7 (21.0.10+7) (build 21.0.10+7-LTS)
# Java VM: OpenJDK 64-Bit Server VM Temurin-21.0.10+7 (21.0.10+7-LTS, mixed mode, sharing, tiered, compressed oops, compressed class ptrs, parallel gc, windows-amd64)
GC Precious Log:
 CardTable entry size: 512
 CPUs: 4 total, 4 available
 Memory: 7930M
 Large Page Support: Disabled
 NUMA Support: Disabled
 Compressed Oops: Enabled (32-bit)
 Alignments: Space 512K, Generation 512K, Heap 2M
 Heap Min Capacity: 100M
 Heap Initial Capacity: 100M
 Heap Max Capacity: 2G
 Pre-touch: Disabled
 Parallel Workers: 4
Heap:
 PSYoungGen      total 4608K, used 4276K [0x00000000d5580000, 0x00000000d5d00000, 0x0000000100000000)
  eden space 3584K, 100% used [0x00000000d5580000,0x00000000d5900000,0x00000000d5900000)
  from space 1024K, 67% used [0x00000000d5b00000,0x00000000d5bad200,0x00000000d5c00000)
  to   space 1024K, 97% used [0x00000000d5c00000,0x00000000d5cf9e80,0x00000000d5d00000)
 ParOldGen       total 831488K, used 831486K [0x0000000080000000, 0x00000000b2c00000, 0x00000000d5580000)
  object space 831488K, 99% used [0x0000000080000000,0x00000000b2bff9c8,0x00000000b2c00000)
 Metaspace       used 72786K, committed 74240K, reserved 1179648K
  class space    used 7796K, committed 8448K, reserved 1048576K
GC Heap History (20 events):
Event: 247.339 GC heap after
{Heap after GC invocations=1283 (full 3):
 PSYoungGen      total 6656K, used 405K [0x00000000d5580000, 0x00000000d5c80000, 0x0000000100000000)
  eden space 6144K, 0% used [0x00000000d5580000,0x00000000d5580000,0x00000000d5b80000)
  from space 512K, 79% used [0x00000000d5c00000,0x00000000d5c65400,0x00000000d5c80000)
  to   space 512K, 0% used [0x00000000d5b80000,0x00000000d5b80000,0x00000000d5c00000)
 ParOldGen       total 822784K, used 822516K [0x0000000080000000, 0x00000000b2380000, 0x00000000d5580000)
  object space 822784K, 99% used [0x0000000080000000,0x00000000b233d000,0x00000000b2380000)
 Metaspace       used 71936K, committed 73408K, reserved 1114112K
  class space    used 7659K, committed 8320K, reserved 1048576K
}
Event: 247.479 GC heap before
{Heap before GC invocations=1284 (full 3):
 PSYoungGen      total 6656K, used 6549K [0x00000000d5580000, 0x00000000d5c80000, 0x0000000100000000)
  eden space 6144K, 100% used [0x00000000d5580000,0x00000000d5b80000,0x00000000d5b80000)
  from space 512K, 79% used [0x00000000d5c00000,0x00000000d5c65400,0x00000000d5c80000)
  to   space 512K, 0% used [0x00000000d5b80000,0x00000000d5b80000,0x00000000d5c00000)
 ParOldGen       total 822784K, used 822516K [0x0000000080000000, 0x00000000b2380000, 0x00000000d5580000)
  object space 822784K, 99% used [0x0000000080000000,0x00000000b233d000,0x00000000b2380000)
 Metaspace       used 72480K, committed 74048K, reserved 1179648K
  class space    used 7749K, committed 8448K, reserved 1048576K
}
Event: 247.485 GC heap after
{Heap after GC invocations=1284 (full 3):
 PSYoungGen      total 6656K, used 500K [0x00000000d5580000, 0x00000000d5e80000, 0x0000000100000000)
  eden space 6144K, 0% used [0x00000000d5580000,0x00000000d5580000,0x00000000d5b80000)
  from space 512K, 97% used [0x00000000d5b80000,0x00000000d5bfd200,0x00000000d5c00000)
  to   space 1536K, 0% used [0x00000000d5d00000,0x00000000d5d00000,0x00000000d5e80000)
 ParOldGen       total 823296K, used 822978K [0x0000000080000000, 0x00000000b2400000, 0x00000000d5580000)
  object space 823296K, 99% used [0x0000000080000000,0x00000000b23b0b58,0x00000000b2400000)
 Metaspace       used 72480K, committed 74048K, reserved 1179648K
  class space    used 7749K, committed 8448K, reserved 1048576K
}
Event: 247.506 GC heap before
{Heap before GC invocations=1285 (full 3):
 PSYoungGen      total 6656K, used 6525K [0x00000000d5580000, 0x00000000d5e80000, 0x0000000100000000)
  eden space 6144K, 98% used [0x00000000d5580000,0x00000000d5b62510,0x00000000d5b80000)
  from space 512K, 97% used [0x00000000d5b80000,0x00000000d5bfd200,0x00000000d5c00000)
  to   space 1536K, 0% used [0x00000000d5d00000,0x00000000d5d00000,0x00000000d5e80000)
 ParOldGen       total 823296K, used 822978K [0x0000000080000000, 0x00000000b2400000, 0x00000000d5580000)
  object space 823296K, 99% used [0x0000000080000000,0x00000000b23b0b58,0x00000000b2400000)
 Metaspace       used 72486K, committed 74048K, reserved 1179648K
  class space    used 7749K, committed 8448K, reserved 1048576K
}
Event: 247.512 GC heap after
{Heap after GC invocations=1285 (full 3):
 PSYoungGen      total 7680K, used 1216K [0x00000000d5580000, 0x00000000d5e80000, 0x0000000100000000)
  eden space 6144K, 0% used [0x00000000d5580000,0x00000000d5580000,0x00000000d5b80000)
  from space 1536K, 79% used [0x00000000d5d00000,0x00000000d5e30000,0x00000000d5e80000)
  to   space 1536K, 0% used [0x00000000d5b80000,0x00000000d5b80000,0x00000000d5d00000)
 ParOldGen       total 823808K, used 823479K [0x0000000080000000, 0x00000000b2480000, 0x00000000d5580000)
  object space 823808K, 99% used [0x0000000080000000,0x00000000b242dd58,0x00000000b2480000)
 Metaspace       used 72486K, committed 74048K, reserved 1179648K
  class space    used 7749K, committed 8448K, reserved 1048576K
}
Event: 247.525 GC heap before
{Heap before GC invocations=1286 (full 3):
 PSYoungGen      total 7680K, used 7360K [0x00000000d5580000, 0x00000000d5e80000, 0x0000000100000000)
  eden space 6144K, 100% used [0x00000000d5580000,0x00000000d5b80000,0x00000000d5b80000)
  from space 1536K, 79% used [0x00000000d5d00000,0x00000000d5e30000,0x00000000d5e80000)
  to   space 1536K, 0% used [0x00000000d5b80000,0x00000000d5b80000,0x00000000d5d00000)
 ParOldGen       total 823808K, used 823479K [0x0000000080000000, 0x00000000b2480000, 0x00000000d5580000)
  object space 823808K, 99% used [0x0000000080000000,0x00000000b242dd58,0x00000000b2480000)
 Metaspace       used 72487K, committed 74048K, reserved 1179648K
  class space    used 7749K, committed 8448K, reserved 1048576K
}
Event: 247.529 GC heap after
{Heap after GC invocations=1286 (full 3):
 PSYoungGen      total 6656K, used 256K [0x00000000d5580000, 0x00000000d5d80000, 0x0000000100000000)
  eden space 6144K, 0% used [0x00000000d5580000,0x00000000d5580000,0x00000000d5b80000)
  from space 512K, 50% used [0x00000000d5b80000,0x00000000d5bc0000,0x00000000d5c00000)
  to   space 1024K, 0% used [0x00000000d5c80000,0x00000000d5c80000,0x00000000d5d80000)
 ParOldGen       total 823808K, used 823607K [0x0000000080000000, 0x00000000b2480000, 0x00000000d5580000)
  object space 823808K, 99% used [0x0000000080000000,0x00000000b244dd58,0x00000000b2480000)
 Metaspace       used 72487K, committed 74048K, reserved 1179648K
  class space    used 7749K, committed 8448K, reserved 1048576K
}
Event: 260.202 GC heap before
{Heap before GC invocations=1287 (full 3):
 PSYoungGen      total 6656K, used 6400K [0x00000000d5580000, 0x00000000d5d80000, 0x0000000100000000)
  eden space 6144K, 100% used [0x00000000d5580000,0x00000000d5b80000,0x00000000d5b80000)
  from space 512K, 50% used [0x00000000d5b80000,0x00000000d5bc0000,0x00000000d5c00000)
  to   space 1024K, 0% used [0x00000000d5c80000,0x00000000d5c80000,0x00000000d5d80000)
 ParOldGen       total 823808K, used 823607K [0x0000000080000000, 0x00000000b2480000, 0x00000000d5580000)
  object space 823808K, 99% used [0x0000000080000000,0x00000000b244dd58,0x00000000b2480000)
 Metaspace       used 72610K, committed 74176K, reserved 1179648K
  class space    used 7776K, committed 8448K, reserved 1048576K
}
Event: 260.207 GC heap after
{Heap after GC invocations=1287 (full 3):
 PSYoungGen      total 7168K, used 553K [0x00000000d5580000, 0x00000000d5d80000, 0x0000000100000000)
  eden space 6144K, 0% used [0x00000000d5580000,0x00000000d5580000,0x00000000d5b80000)
  from space 1024K, 54% used [0x00000000d5c80000,0x00000000d5d0a600,0x00000000d5d80000)
  to   space 1024K, 0% used [0x00000000d5b80000,0x00000000d5b80000,0x00000000d5c80000)
 ParOldGen       total 823808K, used 823645K [0x0000000080000000, 0x00000000b2480000, 0x00000000d5580000)
  object space 823808K, 99% used [0x0000000080000000,0x00000000b2457550,0x00000000b2480000)
 Metaspace       used 72610K, committed 74176K, reserved 1179648K
  class space    used 7776K, committed 8448K, reserved 1048576K
}
Event: 260.535 GC heap before
{Heap before GC invocations=1288 (full 3):
 PSYoungGen      total 7168K, used 6697K [0x00000000d5580000, 0x00000000d5d80000, 0x0000000100000000)
  eden space 6144K, 100% used [0x00000000d5580000,0x00000000d5b80000,0x00000000d5b80000)
  from space 1024K, 54% used [0x00000000d5c80000,0x00000000d5d0a600,0x00000000d5d80000)
  to   space 1024K, 0% used [0x00000000d5b80000,0x00000000d5b80000,0x00000000d5c80000)
 ParOldGen       total 823808K, used 823645K [0x0000000080000000, 0x00000000b2480000, 0x00000000d5580000)
  object space 823808K, 99% used [0x0000000080000000,0x00000000b2457550,0x00000000b2480000)
 Metaspace       used 72670K, committed 74176K, reserved 1179648K
  class space    used 7788K, committed 8448K, reserved 1048576K
}
Event: 260.538 GC heap after
{Heap after GC invocations=1288 (full 3):
 PSYoungGen      total 7168K, used 1020K [0x00000000d5580000, 0x00000000d6080000, 0x0000000100000000)
  eden space 6144K, 0% used [0x00000000d5580000,0x00000000d5580000,0x00000000d5b80000)
  from space 1024K, 99% used [0x00000000d5b80000,0x00000000d5c7f080,0x00000000d5c80000)
  to   space 2560K, 0% used [0x00000000d5e00000,0x00000000d5e00000,0x00000000d6080000)
 ParOldGen       total 825344K, used 824870K [0x0000000080000000, 0x00000000b2600000, 0x00000000d5580000)
  object space 825344K, 99% used [0x0000000080000000,0x00000000b2589bd0,0x00000000b2600000)
 Metaspace       used 72670K, committed 74176K, reserved 1179648K
  class space    used 7788K, committed 8448K, reserved 1048576K
}
Event: 260.546 GC heap before
{Heap before GC invocations=1289 (full 3):
 PSYoungGen      total 7168K, used 7164K [0x00000000d5580000, 0x00000000d6080000, 0x0000000100000000)
  eden space 6144K, 100% used [0x00000000d5580000,0x00000000d5b80000,0x00000000d5b80000)
  from space 1024K, 99% used [0x00000000d5b80000,0x00000000d5c7f080,0x00000000d5c80000)
  to   space 2560K, 0% used [0x00000000d5e00000,0x00000000d5e00000,0x00000000d6080000)
 ParOldGen       total 825344K, used 824870K [0x0000000080000000, 0x00000000b2600000, 0x00000000d5580000)
  object space 825344K, 99% used [0x0000000080000000,0x00000000b2589bd0,0x00000000b2600000)
 Metaspace       used 72670K, committed 74176K, reserved 1179648K
  class space    used 7788K, committed 8448K, reserved 1048576K
}
Event: 260.552 GC heap after
{Heap after GC invocations=1289 (full 3):
 PSYoungGen      total 6144K, used 2560K [0x00000000d5580000, 0x00000000d6580000, 0x0000000100000000)
  eden space 3584K, 0% used [0x00000000d5580000,0x00000000d5580000,0x00000000d5900000)
  from space 2560K, 100% used [0x00000000d5e00000,0x00000000d6080000,0x00000000d6080000)
  to   space 5120K, 0% used [0x00000000d5900000,0x00000000d5900000,0x00000000d5e00000)
 ParOldGen       total 826880K, used 826539K [0x0000000080000000, 0x00000000b2780000, 0x00000000d5580000)
  object space 826880K, 99% used [0x0000000080000000,0x00000000b272ac50,0x00000000b2780000)
 Metaspace       used 72670K, committed 74176K, reserved 1179648K
  class space    used 7788K, committed 8448K, reserved 1048576K
}
Event: 260.566 GC heap before
{Heap before GC invocations=1290 (full 3):
 PSYoungGen      total 6144K, used 6144K [0x00000000d5580000, 0x00000000d6580000, 0x0000000100000000)
  eden space 3584K, 100% used [0x00000000d5580000,0x00000000d5900000,0x00000000d5900000)
  from space 2560K, 100% used [0x00000000d5e00000,0x00000000d6080000,0x00000000d6080000)
  to   space 5120K, 0% used [0x00000000d5900000,0x00000000d5900000,0x00000000d5e00000)
 ParOldGen       total 826880K, used 826539K [0x0000000080000000, 0x00000000b2780000, 0x00000000d5580000)
  object space 826880K, 99% used [0x0000000080000000,0x00000000b272ac50,0x00000000b2780000)
 Metaspace       used 72677K, committed 74176K, reserved 1179648K
  class space    used 7789K, committed 8448K, reserved 1048576K
}
Event: 260.570 GC heap after
{Heap after GC invocations=1290 (full 3):
 PSYoungGen      total 4608K, used 992K [0x00000000d5580000, 0x00000000d5f00000, 0x0000000100000000)
  eden space 3584K, 0% used [0x00000000d5580000,0x00000000d5580000,0x00000000d5900000)
  from space 1024K, 96% used [0x00000000d5900000,0x00000000d59f8000,0x00000000d5a00000)
  to   space 2560K, 0% used [0x00000000d5c80000,0x00000000d5c80000,0x00000000d5f00000)
 ParOldGen       total 829440K, used 829131K [0x0000000080000000, 0x00000000b2a00000, 0x00000000d5580000)
  object space 829440K, 99% used [0x0000000080000000,0x00000000b29b2c50,0x00000000b2a00000)
 Metaspace       used 72677K, committed 74176K, reserved 1179648K
  class space    used 7789K, committed 8448K, reserved 1048576K
}
Event: 260.669 GC heap before
{Heap before GC invocations=1291 (full 3):
 PSYoungGen      total 4608K, used 4576K [0x00000000d5580000, 0x00000000d5f00000, 0x0000000100000000)
  eden space 3584K, 100% used [0x00000000d5580000,0x00000000d5900000,0x00000000d5900000)
  from space 1024K, 96% used [0x00000000d5900000,0x00000000d59f8000,0x00000000d5a00000)
  to   space 2560K, 0% used [0x00000000d5c80000,0x00000000d5c80000,0x00000000d5f00000)
 ParOldGen       total 829440K, used 829131K [0x0000000080000000, 0x00000000b2a00000, 0x00000000d5580000)
  object space 829440K, 99% used [0x0000000080000000,0x00000000b29b2c50,0x00000000b2a00000)
 Metaspace       used 72746K, committed 74240K, reserved 1179648K
  class space    used 7796K, committed 8448K, reserved 1048576K
}
Event: 260.672 GC heap after
{Heap after GC invocations=1291 (full 3):
 PSYoungGen      total 4096K, used 330K [0x00000000d5580000, 0x00000000d5d00000, 0x0000000100000000)
  eden space 3584K, 0% used [0x00000000d5580000,0x00000000d5580000,0x00000000d5900000)
  from space 512K, 64% used [0x00000000d5c80000,0x00000000d5cd2800,0x00000000d5d00000)
  to   space 1024K, 0% used [0x00000000d5b00000,0x00000000d5b00000,0x00000000d5c00000)
 ParOldGen       total 829952K, used 829928K [0x0000000080000000, 0x00000000b2a80000, 0x00000000d5580000)
  object space 829952K, 99% used [0x0000000080000000,0x00000000b2a7a148,0x00000000b2a80000)
 Metaspace       used 72746K, committed 74240K, reserved 1179648K
  class space    used 7796K, committed 8448K, reserved 1048576K
}
Event: 260.689 GC heap before
{Heap before GC invocations=1292 (full 3):
 PSYoungGen      total 4096K, used 3914K [0x00000000d5580000, 0x00000000d5d00000, 0x0000000100000000)
  eden space 3584K, 100% used [0x00000000d5580000,0x00000000d5900000,0x00000000d5900000)
  from space 512K, 64% used [0x00000000d5c80000,0x00000000d5cd2800,0x00000000d5d00000)
  to   space 1024K, 0% used [0x00000000d5b00000,0x00000000d5b00000,0x00000000d5c00000)
 ParOldGen       total 829952K, used 829928K [0x0000000080000000, 0x00000000b2a80000, 0x00000000d5580000)
  object space 829952K, 99% used [0x0000000080000000,0x00000000b2a7a148,0x00000000b2a80000)
 Metaspace       used 72784K, committed 74240K, reserved 1179648K
  class space    used 7796K, committed 8448K, reserved 1048576K
}
Event: 260.693 GC heap after
{Heap after GC invocations=1292 (full 3):
 PSYoungGen      total 4608K, used 692K [0x00000000d5580000, 0x00000000d5d00000, 0x0000000100000000)
  eden space 3584K, 0% used [0x00000000d5580000,0x00000000d5580000,0x00000000d5900000)
  from space 1024K, 67% used [0x00000000d5b00000,0x00000000d5bad200,0x00000000d5c00000)
  to   space 1024K, 0% used [0x00000000d5c00000,0x00000000d5c00000,0x00000000d5d00000)
 ParOldGen       total 830464K, used 830234K [0x0000000080000000, 0x00000000b2b00000, 0x00000000d5580000)
  object space 830464K, 99% used [0x0000000080000000,0x00000000b2ac6948,0x00000000b2b00000)
 Metaspace       used 72784K, committed 74240K, reserved 1179648K
  class space    used 7796K, committed 8448K, reserved 1048576K
}
Event: 260.695 GC heap before
{Heap before GC invocations=1293 (full 3):
 PSYoungGen      total 4608K, used 4276K [0x00000000d5580000, 0x00000000d5d00000, 0x0000000100000000)
  eden space 3584K, 100% used [0x00000000d5580000,0x00000000d5900000,0x00000000d5900000)
  from space 1024K, 67% used [0x00000000d5b00000,0x00000000d5bad200,0x00000000d5c00000)
  to   space 1024K, 0% used [0x00000000d5c00000,0x00000000d5c00000,0x00000000d5d00000)
 ParOldGen       total 830464K, used 830234K [0x0000000080000000, 0x00000000b2b00000, 0x00000000d5580000)
  object space 830464K, 99% used [0x0000000080000000,0x00000000b2ac6948,0x00000000b2b00000)
 Metaspace       used 72786K, committed 74240K, reserved 1179648K
  class space    used 7796K, committed 8448K, reserved 1048576K
}

